Train on 356 samples, validate on 119 samples
Epoch 1/8
 - 19s - loss: 0.9388 - mean_absolute_error: 0.8162 - val_loss: 0.4015 - val_mean_absolute_error: 0.5253
Epoch 2/8
 - 4s - loss: 0.3952 - mean_absolute_error: 0.4974 - val_loss: 0.3810 - val_mean_absolute_error: 0.5062
Epoch 3/8
 - 4s - loss: 0.3786 - mean_absolute_error: 0.4891 - val_loss: 0.3795 - val_mean_absolute_error: 0.5065
Epoch 4/8
 - 4s - loss: 0.3763 - mean_absolute_error: 0.4898 - val_loss: 0.3738 - val_mean_absolute_error: 0.5017
Epoch 5/8
 - 4s - loss: 0.3700 - mean_absolute_error: 0.4816 - val_loss: 0.3687 - val_mean_absolute_error: 0.4978
Epoch 6/8
 - 3s - loss: 0.3725 - mean_absolute_error: 0.4823 - val_loss: 0.3494 - val_mean_absolute_error: 0.4782
Epoch 7/8
 - 3s - loss: 0.3483 - mean_absolute_error: 0.4647 - val_loss: 0.3303 - val_mean_absolute_error: 0.4570
Epoch 8/8
 - 3s - loss: 0.3622 - mean_absolute_error: 0.4672 - val_loss: 0.3404 - val_mean_absolute_error: 0.4722
Test RMSE: 0.620
Test MAE: 0.495
Train on 356 samples, validate on 119 samples
Epoch 1/8
 - 18s - loss: 12.0033 - mean_absolute_error: 3.1436 - val_loss: 8.2860 - val_mean_absolute_error: 2.5322
Epoch 2/8
 - 5s - loss: 7.3279 - mean_absolute_error: 2.2771 - val_loss: 4.0130 - val_mean_absolute_error: 1.4697
Epoch 3/8
 - 4s - loss: 3.6300 - mean_absolute_error: 1.3115 - val_loss: 2.0891 - val_mean_absolute_error: 0.9503
Epoch 4/8
 - 4s - loss: 2.3023 - mean_absolute_error: 1.0304 - val_loss: 1.8956 - val_mean_absolute_error: 1.0777
Epoch 5/8
 - 4s - loss: 2.1197 - mean_absolute_error: 1.0857 - val_loss: 1.9188 - val_mean_absolute_error: 1.1067
Epoch 6/8
 - 4s - loss: 2.1220 - mean_absolute_error: 1.1007 - val_loss: 1.9128 - val_mean_absolute_error: 1.1022
Epoch 7/8
 - 4s - loss: 2.1123 - mean_absolute_error: 1.0899 - val_loss: 1.9153 - val_mean_absolute_error: 1.1055
Epoch 8/8
 - 4s - loss: 2.1140 - mean_absolute_error: 1.1061 - val_loss: 1.9198 - val_mean_absolute_error: 1.1109
Test RMSE: 1.482
Test MAE: 1.083
Train on 356 samples, validate on 119 samples
Epoch 1/8
 - 16s - loss: 24.5306 - mean_absolute_error: 4.7455 - val_loss: 20.6474 - val_mean_absolute_error: 4.3338
Epoch 2/8
 - 3s - loss: 14.1735 - mean_absolute_error: 3.4966 - val_loss: 10.6193 - val_mean_absolute_error: 2.9593
Epoch 3/8
 - 3s - loss: 6.8755 - mean_absolute_error: 2.2493 - val_loss: 4.9560 - val_mean_absolute_error: 1.7649
Epoch 4/8
 - 3s - loss: 3.1209 - mean_absolute_error: 1.2054 - val_loss: 2.4392 - val_mean_absolute_error: 0.9243
Epoch 5/8
 - 3s - loss: 2.1008 - mean_absolute_error: 0.8742 - val_loss: 1.9520 - val_mean_absolute_error: 0.8822
Epoch 6/8
 - 3s - loss: 2.0037 - mean_absolute_error: 0.9125 - val_loss: 1.8909 - val_mean_absolute_error: 0.9103
Epoch 7/8
 - 3s - loss: 2.0007 - mean_absolute_error: 0.9294 - val_loss: 1.8933 - val_mean_absolute_error: 0.9041
Epoch 8/8
 - 3s - loss: 2.0056 - mean_absolute_error: 0.9022 - val_loss: 1.9143 - val_mean_absolute_error: 0.8917
Test RMSE: 1.268
Test MAE: 0.756
Train on 356 samples, validate on 119 samples
Epoch 1/8
 - 17s - loss: 27.6799 - mean_absolute_error: 4.8587 - val_loss: 21.2221 - val_mean_absolute_error: 4.3440
Epoch 2/8
 - 3s - loss: 17.5745 - mean_absolute_error: 3.6976 - val_loss: 11.2635 - val_mean_absolute_error: 2.9865
Epoch 3/8
 - 3s - loss: 9.6501 - mean_absolute_error: 2.4857 - val_loss: 5.3552 - val_mean_absolute_error: 1.7411
Epoch 4/8
 - 3s - loss: 5.4398 - mean_absolute_error: 1.4780 - val_loss: 2.7085 - val_mean_absolute_error: 0.9348
Epoch 5/8
 - 3s - loss: 4.2770 - mean_absolute_error: 1.2723 - val_loss: 2.3455 - val_mean_absolute_error: 1.0809
Epoch 6/8
 - 3s - loss: 4.2364 - mean_absolute_error: 1.3420 - val_loss: 2.3413 - val_mean_absolute_error: 1.0778
Epoch 7/8
 - 3s - loss: 4.2314 - mean_absolute_error: 1.3357 - val_loss: 2.3475 - val_mean_absolute_error: 1.0445
Epoch 8/8
 - 3s - loss: 4.2276 - mean_absolute_error: 1.3129 - val_loss: 2.3498 - val_mean_absolute_error: 1.0328
Test RMSE: 1.932
Test MAE: 1.170
Train on 356 samples, validate on 119 samples
Epoch 1/8
 - 15s - loss: 12.1620 - mean_absolute_error: 3.2347 - val_loss: 7.7714 - val_mean_absolute_error: 2.5039
Epoch 2/8
 - 3s - loss: 4.8961 - mean_absolute_error: 1.8468 - val_loss: 2.4960 - val_mean_absolute_error: 1.1002
Epoch 3/8
 - 3s - loss: 1.9363 - mean_absolute_error: 0.9534 - val_loss: 1.5216 - val_mean_absolute_error: 0.8842
Epoch 4/8
 - 3s - loss: 1.6920 - mean_absolute_error: 0.9134 - val_loss: 1.5063 - val_mean_absolute_error: 0.9054
Epoch 5/8
 - 3s - loss: 1.6983 - mean_absolute_error: 0.9223 - val_loss: 1.5040 - val_mean_absolute_error: 0.8920
Epoch 6/8
 - 3s - loss: 1.6932 - mean_absolute_error: 0.9112 - val_loss: 1.5031 - val_mean_absolute_error: 0.8887
Epoch 7/8
 - 3s - loss: 1.7013 - mean_absolute_error: 0.9231 - val_loss: 1.4961 - val_mean_absolute_error: 0.8959
Epoch 8/8
 - 3s - loss: 1.6837 - mean_absolute_error: 0.9068 - val_loss: 1.5010 - val_mean_absolute_error: 0.8818
Test RMSE: 1.069
Test MAE: 0.773
Train on 356 samples, validate on 119 samples
Epoch 1/8
 - 15s - loss: 17.2219 - mean_absolute_error: 3.8075 - val_loss: 14.3461 - val_mean_absolute_error: 3.4424
Epoch 2/8
 - 3s - loss: 10.8268 - mean_absolute_error: 2.8789 - val_loss: 6.8999 - val_mean_absolute_error: 2.1005
Epoch 3/8
 - 3s - loss: 4.9818 - mean_absolute_error: 1.6235 - val_loss: 3.3133 - val_mean_absolute_error: 1.0883
Epoch 4/8
 - 3s - loss: 2.9950 - mean_absolute_error: 1.1090 - val_loss: 2.5200 - val_mean_absolute_error: 1.0096
Epoch 5/8
 - 3s - loss: 2.7392 - mean_absolute_error: 1.1346 - val_loss: 2.4830 - val_mean_absolute_error: 1.0599
Epoch 6/8
 - 3s - loss: 2.7256 - mean_absolute_error: 1.1450 - val_loss: 2.4815 - val_mean_absolute_error: 1.0397
Epoch 7/8
 - 3s - loss: 2.7228 - mean_absolute_error: 1.1251 - val_loss: 2.4850 - val_mean_absolute_error: 1.0237
Epoch 8/8
 - 3s - loss: 2.7212 - mean_absolute_error: 1.1322 - val_loss: 2.4720 - val_mean_absolute_error: 1.0420
Test RMSE: 1.361
Test MAE: 0.947
Train on 356 samples, validate on 119 samples
Epoch 1/8
 - 15s - loss: 12.0971 - mean_absolute_error: 3.2803 - val_loss: 6.8859 - val_mean_absolute_error: 2.3936
Epoch 2/8
 - 3s - loss: 4.2223 - mean_absolute_error: 1.7056 - val_loss: 1.8340 - val_mean_absolute_error: 0.9843
Epoch 3/8
 - 3s - loss: 1.5348 - mean_absolute_error: 0.8674 - val_loss: 1.1577 - val_mean_absolute_error: 0.8343
Epoch 4/8
 - 3s - loss: 1.2868 - mean_absolute_error: 0.8481 - val_loss: 1.1617 - val_mean_absolute_error: 0.8432
Epoch 5/8
 - 3s - loss: 1.2815 - mean_absolute_error: 0.8447 - val_loss: 1.1572 - val_mean_absolute_error: 0.8397
Epoch 6/8
 - 3s - loss: 1.2710 - mean_absolute_error: 0.8329 - val_loss: 1.1506 - val_mean_absolute_error: 0.8316
Epoch 7/8
 - 3s - loss: 1.2688 - mean_absolute_error: 0.8246 - val_loss: 1.1461 - val_mean_absolute_error: 0.8269
Epoch 8/8
 - 3s - loss: 1.2668 - mean_absolute_error: 0.8271 - val_loss: 1.1437 - val_mean_absolute_error: 0.8301
Test RMSE: 1.001
Test MAE: 0.725
Train on 356 samples, validate on 119 samples
Epoch 1/8
 - 15s - loss: 0.4428 - mean_absolute_error: 0.4934 - val_loss: 0.5305 - val_mean_absolute_error: 0.5659
Epoch 2/8
 - 3s - loss: 0.1848 - mean_absolute_error: 0.3322 - val_loss: 0.4932 - val_mean_absolute_error: 0.5449
Epoch 3/8
 - 3s - loss: 0.1823 - mean_absolute_error: 0.3238 - val_loss: 0.5289 - val_mean_absolute_error: 0.5639
Epoch 4/8
 - 3s - loss: 0.1813 - mean_absolute_error: 0.3099 - val_loss: 0.5187 - val_mean_absolute_error: 0.5575
Epoch 5/8
 - 3s - loss: 0.1814 - mean_absolute_error: 0.3265 - val_loss: 0.5258 - val_mean_absolute_error: 0.5601
Epoch 6/8
 - 3s - loss: 0.1799 - mean_absolute_error: 0.3061 - val_loss: 0.4926 - val_mean_absolute_error: 0.5405
Epoch 7/8
 - 3s - loss: 0.1751 - mean_absolute_error: 0.3165 - val_loss: 0.5268 - val_mean_absolute_error: 0.5572
Epoch 8/8
 - 3s - loss: 0.1715 - mean_absolute_error: 0.3064 - val_loss: 0.4687 - val_mean_absolute_error: 0.5229
Test RMSE: 0.565
Test MAE: 0.440
Train on 356 samples, validate on 119 samples
Epoch 1/8
 - 16s - loss: 28.8293 - mean_absolute_error: 5.0742 - val_loss: 19.6933 - val_mean_absolute_error: 4.1892
Epoch 2/8
 - 3s - loss: 14.8654 - mean_absolute_error: 3.4910 - val_loss: 9.3936 - val_mean_absolute_error: 2.6939
Epoch 3/8
 - 3s - loss: 7.3643 - mean_absolute_error: 2.1822 - val_loss: 4.4223 - val_mean_absolute_error: 1.5138
Epoch 4/8
 - 3s - loss: 3.6223 - mean_absolute_error: 1.1500 - val_loss: 2.1871 - val_mean_absolute_error: 0.9467
Epoch 5/8
 - 3s - loss: 2.7430 - mean_absolute_error: 1.1539 - val_loss: 2.1377 - val_mean_absolute_error: 1.1128
Epoch 6/8
 - 3s - loss: 2.7213 - mean_absolute_error: 1.1303 - val_loss: 2.1144 - val_mean_absolute_error: 1.0276
Epoch 7/8
 - 3s - loss: 2.7038 - mean_absolute_error: 1.1008 - val_loss: 2.1100 - val_mean_absolute_error: 1.0338
Epoch 8/8
 - 3s - loss: 2.7128 - mean_absolute_error: 1.1238 - val_loss: 2.1054 - val_mean_absolute_error: 1.0403
Test RMSE: 1.466
Test MAE: 1.047
Train on 356 samples, validate on 119 samples
Epoch 1/8
 - 16s - loss: 13.8205 - mean_absolute_error: 3.3375 - val_loss: 11.9682 - val_mean_absolute_error: 3.0615
Epoch 2/8
 - 3s - loss: 7.6155 - mean_absolute_error: 2.2527 - val_loss: 6.7153 - val_mean_absolute_error: 2.0323
Epoch 3/8
 - 3s - loss: 4.1717 - mean_absolute_error: 1.3551 - val_loss: 3.7209 - val_mean_absolute_error: 1.1286
Epoch 4/8
 - 3s - loss: 2.8206 - mean_absolute_error: 1.0343 - val_loss: 2.7493 - val_mean_absolute_error: 0.9769
Epoch 5/8
 - 3s - loss: 2.6972 - mean_absolute_error: 1.1521 - val_loss: 2.6454 - val_mean_absolute_error: 1.0044
Epoch 6/8
 - 3s - loss: 2.6761 - mean_absolute_error: 1.1251 - val_loss: 2.7328 - val_mean_absolute_error: 0.9776
Epoch 7/8
 - 3s - loss: 2.6790 - mean_absolute_error: 1.1012 - val_loss: 2.7164 - val_mean_absolute_error: 0.9793
Epoch 8/8
 - 3s - loss: 2.6779 - mean_absolute_error: 1.1260 - val_loss: 2.6916 - val_mean_absolute_error: 0.9834
Test RMSE: 1.603
Test MAE: 1.005
Train on 356 samples, validate on 119 samples
Epoch 1/8
 - 16s - loss: 18.1594 - mean_absolute_error: 3.9678 - val_loss: 11.5020 - val_mean_absolute_error: 3.0943
Epoch 2/8
 - 3s - loss: 7.5344 - mean_absolute_error: 2.2971 - val_loss: 4.1874 - val_mean_absolute_error: 1.5109
Epoch 3/8
 - 3s - loss: 3.1932 - mean_absolute_error: 1.1313 - val_loss: 2.0432 - val_mean_absolute_error: 0.9749
Epoch 4/8
 - 3s - loss: 2.3597 - mean_absolute_error: 1.0698 - val_loss: 1.9084 - val_mean_absolute_error: 1.0542
Epoch 5/8
 - 3s - loss: 2.3010 - mean_absolute_error: 1.0815 - val_loss: 1.9020 - val_mean_absolute_error: 1.0224
Epoch 6/8
 - 3s - loss: 2.3110 - mean_absolute_error: 1.0502 - val_loss: 1.9025 - val_mean_absolute_error: 1.0166
Epoch 7/8
 - 3s - loss: 2.2998 - mean_absolute_error: 1.0490 - val_loss: 1.9065 - val_mean_absolute_error: 1.0045
Epoch 8/8
 - 3s - loss: 2.3012 - mean_absolute_error: 1.0541 - val_loss: 1.8969 - val_mean_absolute_error: 1.0177
Test RMSE: 1.375
Test MAE: 0.962
Train on 356 samples, validate on 119 samples
Epoch 1/8
 - 17s - loss: 6.0249 - mean_absolute_error: 2.2252 - val_loss: 3.8131 - val_mean_absolute_error: 1.8031
Epoch 2/8
 - 3s - loss: 2.0239 - mean_absolute_error: 1.2159 - val_loss: 1.4301 - val_mean_absolute_error: 1.0148
Epoch 3/8
 - 3s - loss: 1.2788 - mean_absolute_error: 0.8367 - val_loss: 1.3281 - val_mean_absolute_error: 0.8944
Epoch 4/8
 - 3s - loss: 1.3025 - mean_absolute_error: 0.8291 - val_loss: 1.3387 - val_mean_absolute_error: 0.9212
Epoch 5/8
 - 3s - loss: 1.2960 - mean_absolute_error: 0.8495 - val_loss: 1.3501 - val_mean_absolute_error: 0.9370
Epoch 6/8
 - 3s - loss: 1.2934 - mean_absolute_error: 0.8432 - val_loss: 1.3441 - val_mean_absolute_error: 0.9293
Epoch 7/8
 - 3s - loss: 1.2908 - mean_absolute_error: 0.8439 - val_loss: 1.3464 - val_mean_absolute_error: 0.9324
Epoch 8/8
 - 3s - loss: 1.2951 - mean_absolute_error: 0.8557 - val_loss: 1.3569 - val_mean_absolute_error: 0.9460
Test RMSE: 1.078
Test MAE: 0.936
Train on 356 samples, validate on 119 samples
Epoch 1/8
 - 17s - loss: 5.0408 - mean_absolute_error: 2.0756 - val_loss: 2.2816 - val_mean_absolute_error: 1.3282
Epoch 2/8
 - 3s - loss: 1.0897 - mean_absolute_error: 0.8056 - val_loss: 0.7404 - val_mean_absolute_error: 0.6186
Epoch 3/8
 - 3s - loss: 0.6240 - mean_absolute_error: 0.5763 - val_loss: 0.7390 - val_mean_absolute_error: 0.6169
Epoch 4/8
 - 3s - loss: 0.6077 - mean_absolute_error: 0.5522 - val_loss: 0.7322 - val_mean_absolute_error: 0.6141
Epoch 5/8
 - 3s - loss: 0.6070 - mean_absolute_error: 0.5476 - val_loss: 0.7318 - val_mean_absolute_error: 0.6141
Epoch 6/8
 - 3s - loss: 0.6061 - mean_absolute_error: 0.5499 - val_loss: 0.7331 - val_mean_absolute_error: 0.6147
Epoch 7/8
 - 3s - loss: 0.6084 - mean_absolute_error: 0.5508 - val_loss: 0.7313 - val_mean_absolute_error: 0.6139
Epoch 8/8
 - 3s - loss: 0.6097 - mean_absolute_error: 0.5460 - val_loss: 0.7315 - val_mean_absolute_error: 0.6143
Test RMSE: 0.693
Test MAE: 0.522
Train on 356 samples, validate on 119 samples
Epoch 1/8
 - 17s - loss: 18.3046 - mean_absolute_error: 4.0191 - val_loss: 12.8449 - val_mean_absolute_error: 3.3635
Epoch 2/8
 - 3s - loss: 8.4588 - mean_absolute_error: 2.5155 - val_loss: 5.5750 - val_mean_absolute_error: 2.0114
Epoch 3/8
 - 3s - loss: 3.6258 - mean_absolute_error: 1.4055 - val_loss: 2.2571 - val_mean_absolute_error: 1.0326
Epoch 4/8
 - 3s - loss: 2.0285 - mean_absolute_error: 1.0629 - val_loss: 1.5566 - val_mean_absolute_error: 0.9689
Epoch 5/8
 - 3s - loss: 1.9271 - mean_absolute_error: 1.1159 - val_loss: 1.5327 - val_mean_absolute_error: 0.9756
Epoch 6/8
 - 3s - loss: 1.9076 - mean_absolute_error: 1.0986 - val_loss: 1.5503 - val_mean_absolute_error: 0.9686
Epoch 7/8
 - 3s - loss: 1.9088 - mean_absolute_error: 1.0840 - val_loss: 1.5628 - val_mean_absolute_error: 0.9649
Epoch 8/8
 - 3s - loss: 1.9104 - mean_absolute_error: 1.0970 - val_loss: 1.5413 - val_mean_absolute_error: 0.9694
Test RMSE: 1.203
Test MAE: 0.910
Train on 356 samples, validate on 119 samples
Epoch 1/8
 - 18s - loss: 5.7812 - mean_absolute_error: 1.9585 - val_loss: 4.3165 - val_mean_absolute_error: 1.5099
Epoch 2/8
 - 3s - loss: 2.5504 - mean_absolute_error: 1.0970 - val_loss: 3.1843 - val_mean_absolute_error: 1.1693
Epoch 3/8
 - 3s - loss: 2.3077 - mean_absolute_error: 1.0760 - val_loss: 3.1794 - val_mean_absolute_error: 1.1688
Epoch 4/8
 - 3s - loss: 2.2869 - mean_absolute_error: 1.0551 - val_loss: 3.1854 - val_mean_absolute_error: 1.1559
Epoch 5/8
 - 3s - loss: 2.2885 - mean_absolute_error: 1.0529 - val_loss: 3.1751 - val_mean_absolute_error: 1.1547
Epoch 6/8
 - 3s - loss: 2.2903 - mean_absolute_error: 1.0499 - val_loss: 3.1624 - val_mean_absolute_error: 1.1573
Epoch 7/8
 - 3s - loss: 2.2895 - mean_absolute_error: 1.0418 - val_loss: 3.1610 - val_mean_absolute_error: 1.1512
Epoch 8/8
 - 3s - loss: 2.2870 - mean_absolute_error: 1.0614 - val_loss: 3.1451 - val_mean_absolute_error: 1.1576
Test RMSE: 1.232
Test MAE: 0.810
Train on 356 samples, validate on 119 samples
Epoch 1/8
 - 18s - loss: 19.6241 - mean_absolute_error: 3.7421 - val_loss: 19.6539 - val_mean_absolute_error: 3.8568
Epoch 2/8
 - 3s - loss: 12.0255 - mean_absolute_error: 2.9471 - val_loss: 9.9370 - val_mean_absolute_error: 2.6498
Epoch 3/8
 - 3s - loss: 7.1595 - mean_absolute_error: 2.1534 - val_loss: 7.2165 - val_mean_absolute_error: 2.1849
Epoch 4/8
 - 3s - loss: 6.5090 - mean_absolute_error: 1.9546 - val_loss: 6.7387 - val_mean_absolute_error: 2.0858
Epoch 5/8
 - 3s - loss: 6.4870 - mean_absolute_error: 1.9407 - val_loss: 6.7442 - val_mean_absolute_error: 2.0867
Epoch 6/8
 - 3s - loss: 6.4898 - mean_absolute_error: 1.9416 - val_loss: 6.8320 - val_mean_absolute_error: 2.1016
Epoch 7/8
 - 3s - loss: 6.4985 - mean_absolute_error: 1.9462 - val_loss: 6.8058 - val_mean_absolute_error: 2.0972
Epoch 8/8
 - 3s - loss: 6.5023 - mean_absolute_error: 1.9432 - val_loss: 6.6876 - val_mean_absolute_error: 2.0772
Test RMSE: 2.438
Test MAE: 1.833
Train on 356 samples, validate on 119 samples
Epoch 1/8
 - 29s - loss: 20.6186 - mean_absolute_error: 4.1731 - val_loss: 15.5199 - val_mean_absolute_error: 3.5988
Epoch 2/8
 - 4s - loss: 11.3282 - mean_absolute_error: 2.9688 - val_loss: 7.3551 - val_mean_absolute_error: 2.3701
Epoch 3/8
 - 4s - loss: 5.8196 - mean_absolute_error: 1.9710 - val_loss: 3.9815 - val_mean_absolute_error: 1.7191
Epoch 4/8
 - 4s - loss: 3.8142 - mean_absolute_error: 1.4838 - val_loss: 3.0030 - val_mean_absolute_error: 1.3937
Epoch 5/8
 - 4s - loss: 3.4958 - mean_absolute_error: 1.3850 - val_loss: 2.9259 - val_mean_absolute_error: 1.3242
Epoch 6/8
 - 4s - loss: 3.5332 - mean_absolute_error: 1.3839 - val_loss: 2.9253 - val_mean_absolute_error: 1.3298
Epoch 7/8
 - 4s - loss: 3.5220 - mean_absolute_error: 1.3819 - val_loss: 2.9244 - val_mean_absolute_error: 1.3328
Epoch 8/8
 - 4s - loss: 3.5138 - mean_absolute_error: 1.3811 - val_loss: 2.9256 - val_mean_absolute_error: 1.3377
Test RMSE: 1.798
Test MAE: 1.349
Train on 356 samples, validate on 119 samples
Epoch 1/8
 - 29s - loss: 17.4343 - mean_absolute_error: 3.8956 - val_loss: 10.2422 - val_mean_absolute_error: 2.7965
Epoch 2/8
 - 3s - loss: 6.9550 - mean_absolute_error: 2.2239 - val_loss: 3.9267 - val_mean_absolute_error: 1.3290
Epoch 3/8
 - 3s - loss: 3.1502 - mean_absolute_error: 1.1990 - val_loss: 2.5008 - val_mean_absolute_error: 0.9988
Epoch 4/8
 - 3s - loss: 2.2643 - mean_absolute_error: 0.9902 - val_loss: 2.4410 - val_mean_absolute_error: 1.1212
Epoch 5/8
 - 3s - loss: 2.2455 - mean_absolute_error: 1.0290 - val_loss: 2.4454 - val_mean_absolute_error: 1.1278
Epoch 6/8
 - 3s - loss: 2.2458 - mean_absolute_error: 1.0343 - val_loss: 2.4343 - val_mean_absolute_error: 1.1146
Epoch 7/8
 - 4s - loss: 2.2591 - mean_absolute_error: 1.0065 - val_loss: 2.4181 - val_mean_absolute_error: 1.0895
Epoch 8/8
 - 3s - loss: 2.2415 - mean_absolute_error: 1.0189 - val_loss: 2.4345 - val_mean_absolute_error: 1.1175
Test RMSE: 1.501
Test MAE: 0.924
Train on 356 samples, validate on 119 samples
Epoch 1/8
 - 25s - loss: 17.4491 - mean_absolute_error: 3.8574 - val_loss: 13.5499 - val_mean_absolute_error: 3.3634
Epoch 2/8
 - 3s - loss: 7.9313 - mean_absolute_error: 2.3829 - val_loss: 4.6773 - val_mean_absolute_error: 1.7020
Epoch 3/8
 - 4s - loss: 3.2634 - mean_absolute_error: 1.2499 - val_loss: 2.4185 - val_mean_absolute_error: 0.9930
Epoch 4/8
 - 3s - loss: 2.6744 - mean_absolute_error: 1.0828 - val_loss: 2.3340 - val_mean_absolute_error: 1.0029
Epoch 5/8
 - 3s - loss: 2.6762 - mean_absolute_error: 1.0852 - val_loss: 2.3742 - val_mean_absolute_error: 0.9945
Epoch 6/8
 - 3s - loss: 2.6805 - mean_absolute_error: 1.0783 - val_loss: 2.3715 - val_mean_absolute_error: 0.9942
Epoch 7/8
 - 3s - loss: 2.6808 - mean_absolute_error: 1.0770 - val_loss: 2.3826 - val_mean_absolute_error: 0.9920
Epoch 8/8
 - 3s - loss: 2.6856 - mean_absolute_error: 1.0744 - val_loss: 2.3602 - val_mean_absolute_error: 0.9939
Test RMSE: 1.399
Test MAE: 0.811
Train on 356 samples, validate on 119 samples
Epoch 1/8
 - 23s - loss: 17.9124 - mean_absolute_error: 4.0845 - val_loss: 12.4084 - val_mean_absolute_error: 3.4306
Epoch 2/8
 - 3s - loss: 7.3093 - mean_absolute_error: 2.5124 - val_loss: 4.2296 - val_mean_absolute_error: 1.8999
Epoch 3/8
 - 3s - loss: 2.5853 - mean_absolute_error: 1.3513 - val_loss: 1.1665 - val_mean_absolute_error: 0.8322
Epoch 4/8
 - 3s - loss: 1.3437 - mean_absolute_error: 0.8072 - val_loss: 0.6690 - val_mean_absolute_error: 0.5674
Epoch 5/8
 - 3s - loss: 1.2795 - mean_absolute_error: 0.7727 - val_loss: 0.6899 - val_mean_absolute_error: 0.5750
Epoch 6/8
 - 3s - loss: 1.2735 - mean_absolute_error: 0.7752 - val_loss: 0.7005 - val_mean_absolute_error: 0.5803
Epoch 7/8
 - 3s - loss: 1.2766 - mean_absolute_error: 0.7728 - val_loss: 0.6915 - val_mean_absolute_error: 0.5753
Epoch 8/8
 - 3s - loss: 1.2692 - mean_absolute_error: 0.7734 - val_loss: 0.7017 - val_mean_absolute_error: 0.5807
Test RMSE: 0.861
Test MAE: 0.625
Train on 356 samples, validate on 119 samples
Epoch 1/8
 - 26s - loss: 15.0029 - mean_absolute_error: 3.7243 - val_loss: 8.2071 - val_mean_absolute_error: 2.7330
Epoch 2/8
 - 3s - loss: 5.5304 - mean_absolute_error: 2.0992 - val_loss: 2.1461 - val_mean_absolute_error: 1.2195
Epoch 3/8
 - 4s - loss: 1.7393 - mean_absolute_error: 0.9596 - val_loss: 0.8118 - val_mean_absolute_error: 0.6201
Epoch 4/8
 - 3s - loss: 0.9414 - mean_absolute_error: 0.6851 - val_loss: 0.8096 - val_mean_absolute_error: 0.7001
Epoch 5/8
 - 3s - loss: 0.9098 - mean_absolute_error: 0.6993 - val_loss: 0.7950 - val_mean_absolute_error: 0.6891
Epoch 6/8
 - 4s - loss: 0.9045 - mean_absolute_error: 0.6877 - val_loss: 0.7892 - val_mean_absolute_error: 0.6849
Epoch 7/8
 - 3s - loss: 0.9016 - mean_absolute_error: 0.6915 - val_loss: 0.8003 - val_mean_absolute_error: 0.6941
Epoch 8/8
 - 3s - loss: 0.9033 - mean_absolute_error: 0.6912 - val_loss: 0.7909 - val_mean_absolute_error: 0.6872
Test RMSE: 0.646
Test MAE: 0.471
Train on 356 samples, validate on 119 samples
Epoch 1/8
 - 27s - loss: 8.8070 - mean_absolute_error: 2.8625 - val_loss: 5.1736 - val_mean_absolute_error: 2.1907
Epoch 2/8
 - 4s - loss: 2.3789 - mean_absolute_error: 1.3979 - val_loss: 1.3821 - val_mean_absolute_error: 1.0757
Epoch 3/8
 - 3s - loss: 0.6015 - mean_absolute_error: 0.6305 - val_loss: 0.4699 - val_mean_absolute_error: 0.5573
Epoch 4/8
 - 3s - loss: 0.3765 - mean_absolute_error: 0.4480 - val_loss: 0.3793 - val_mean_absolute_error: 0.4576
Epoch 5/8
 - 3s - loss: 0.3779 - mean_absolute_error: 0.4437 - val_loss: 0.3983 - val_mean_absolute_error: 0.4827
Epoch 6/8
 - 3s - loss: 0.3737 - mean_absolute_error: 0.4465 - val_loss: 0.4087 - val_mean_absolute_error: 0.4957
Epoch 7/8
 - 3s - loss: 0.3732 - mean_absolute_error: 0.4464 - val_loss: 0.4050 - val_mean_absolute_error: 0.4918
Epoch 8/8
 - 3s - loss: 0.3726 - mean_absolute_error: 0.4461 - val_loss: 0.3946 - val_mean_absolute_error: 0.4800
Test RMSE: 0.473
Test MAE: 0.359
Train on 356 samples, validate on 119 samples
Epoch 1/8
 - 25s - loss: 11.9226 - mean_absolute_error: 3.2560 - val_loss: 8.0290 - val_mean_absolute_error: 2.7031
Epoch 2/8
 - 4s - loss: 4.3612 - mean_absolute_error: 1.8228 - val_loss: 1.9365 - val_mean_absolute_error: 1.2006
Epoch 3/8
 - 3s - loss: 1.3629 - mean_absolute_error: 0.8688 - val_loss: 0.7768 - val_mean_absolute_error: 0.6601
Epoch 4/8
 - 3s - loss: 1.1532 - mean_absolute_error: 0.7578 - val_loss: 0.7520 - val_mean_absolute_error: 0.6523
Epoch 5/8
 - 3s - loss: 1.1467 - mean_absolute_error: 0.7538 - val_loss: 0.7781 - val_mean_absolute_error: 0.6592
Epoch 6/8
 - 3s - loss: 1.1413 - mean_absolute_error: 0.7518 - val_loss: 0.7614 - val_mean_absolute_error: 0.6534
Epoch 7/8
 - 3s - loss: 1.1328 - mean_absolute_error: 0.7482 - val_loss: 0.7551 - val_mean_absolute_error: 0.6496
Epoch 8/8
 - 3s - loss: 1.1195 - mean_absolute_error: 0.7422 - val_loss: 0.7361 - val_mean_absolute_error: 0.6402
Test RMSE: 0.815
Test MAE: 0.582
Train on 356 samples, validate on 119 samples
Epoch 1/8
 - 19s - loss: 16.3986 - mean_absolute_error: 3.6260 - val_loss: 9.2955 - val_mean_absolute_error: 2.5751
Epoch 2/8
 - 3s - loss: 7.3309 - mean_absolute_error: 2.1317 - val_loss: 4.2097 - val_mean_absolute_error: 1.4137
Epoch 3/8
 - 3s - loss: 4.3360 - mean_absolute_error: 1.4751 - val_loss: 2.8085 - val_mean_absolute_error: 1.2141
Epoch 4/8
 - 3s - loss: 3.5761 - mean_absolute_error: 1.3752 - val_loss: 2.6773 - val_mean_absolute_error: 1.2705
Epoch 5/8
 - 3s - loss: 3.5599 - mean_absolute_error: 1.3936 - val_loss: 2.6743 - val_mean_absolute_error: 1.2739
Epoch 6/8
 - 3s - loss: 3.5527 - mean_absolute_error: 1.3942 - val_loss: 2.6709 - val_mean_absolute_error: 1.2750
Epoch 7/8
 - 2s - loss: 3.5578 - mean_absolute_error: 1.3969 - val_loss: 2.6648 - val_mean_absolute_error: 1.2653
Epoch 8/8
 - 2s - loss: 3.5501 - mean_absolute_error: 1.3991 - val_loss: 2.6617 - val_mean_absolute_error: 1.2721
Test RMSE: 1.533
Test MAE: 1.152
Train on 356 samples, validate on 119 samples
Epoch 1/8
 - 23s - loss: 21.0047 - mean_absolute_error: 4.4018 - val_loss: 14.4996 - val_mean_absolute_error: 3.6189
Epoch 2/8
 - 3s - loss: 11.6234 - mean_absolute_error: 3.1653 - val_loss: 7.5892 - val_mean_absolute_error: 2.4884
Epoch 3/8
 - 4s - loss: 6.1057 - mean_absolute_error: 2.1019 - val_loss: 3.3136 - val_mean_absolute_error: 1.3921
Epoch 4/8
 - 4s - loss: 2.5813 - mean_absolute_error: 1.1704 - val_loss: 1.5456 - val_mean_absolute_error: 0.9504
Epoch 5/8
 - 4s - loss: 1.6511 - mean_absolute_error: 0.9808 - val_loss: 1.3955 - val_mean_absolute_error: 0.9966
Epoch 6/8
 - 4s - loss: 1.5544 - mean_absolute_error: 0.9850 - val_loss: 1.3922 - val_mean_absolute_error: 1.0054
Epoch 7/8
 - 4s - loss: 1.5485 - mean_absolute_error: 0.9913 - val_loss: 1.3972 - val_mean_absolute_error: 1.0152
Epoch 8/8
 - 3s - loss: 1.5477 - mean_absolute_error: 0.9941 - val_loss: 1.3984 - val_mean_absolute_error: 1.0171
Test RMSE: 1.108
Test MAE: 0.915
Train on 356 samples, validate on 119 samples
Epoch 1/8
 - 25s - loss: 20.3537 - mean_absolute_error: 4.1874 - val_loss: 16.6125 - val_mean_absolute_error: 3.7539
Epoch 2/8
 - 3s - loss: 12.8461 - mean_absolute_error: 3.1910 - val_loss: 9.7506 - val_mean_absolute_error: 2.6903
Epoch 3/8
 - 3s - loss: 6.6040 - mean_absolute_error: 1.9761 - val_loss: 3.9168 - val_mean_absolute_error: 1.3226
Epoch 4/8
 - 3s - loss: 3.0356 - mean_absolute_error: 1.1883 - val_loss: 2.5442 - val_mean_absolute_error: 1.1767
Epoch 5/8
 - 3s - loss: 2.6922 - mean_absolute_error: 1.2108 - val_loss: 2.5010 - val_mean_absolute_error: 1.1998
Epoch 6/8
 - 3s - loss: 2.6793 - mean_absolute_error: 1.2028 - val_loss: 2.5051 - val_mean_absolute_error: 1.1852
Epoch 7/8
 - 3s - loss: 2.6793 - mean_absolute_error: 1.1956 - val_loss: 2.4978 - val_mean_absolute_error: 1.1880
Epoch 8/8
 - 3s - loss: 2.6758 - mean_absolute_error: 1.1963 - val_loss: 2.5035 - val_mean_absolute_error: 1.1788
Test RMSE: 1.483
Test MAE: 1.032
Train on 356 samples, validate on 119 samples
Epoch 1/8
 - 23s - loss: 11.1463 - mean_absolute_error: 2.9668 - val_loss: 7.1950 - val_mean_absolute_error: 2.4815
Epoch 2/8
 - 3s - loss: 5.5014 - mean_absolute_error: 2.0640 - val_loss: 3.5103 - val_mean_absolute_error: 1.5975
Epoch 3/8
 - 3s - loss: 3.5333 - mean_absolute_error: 1.4721 - val_loss: 2.6837 - val_mean_absolute_error: 1.1786
Epoch 4/8
 - 3s - loss: 3.3025 - mean_absolute_error: 1.3495 - val_loss: 2.6789 - val_mean_absolute_error: 1.1652
Epoch 5/8
 - 3s - loss: 3.2888 - mean_absolute_error: 1.3510 - val_loss: 2.6811 - val_mean_absolute_error: 1.1745
Epoch 6/8
 - 4s - loss: 3.2815 - mean_absolute_error: 1.3634 - val_loss: 2.6913 - val_mean_absolute_error: 1.1884
Epoch 7/8
 - 4s - loss: 3.2885 - mean_absolute_error: 1.3657 - val_loss: 2.6901 - val_mean_absolute_error: 1.1872
Epoch 8/8
 - 4s - loss: 3.2868 - mean_absolute_error: 1.3663 - val_loss: 2.6886 - val_mean_absolute_error: 1.1857
Test RMSE: 1.802
Test MAE: 1.303
Train on 356 samples, validate on 119 samples
Epoch 1/8
 - 27s - loss: 18.8072 - mean_absolute_error: 4.0005 - val_loss: 14.3809 - val_mean_absolute_error: 3.6117
Epoch 2/8
 - 3s - loss: 10.4519 - mean_absolute_error: 2.8865 - val_loss: 6.8678 - val_mean_absolute_error: 2.3610
Epoch 3/8
 - 3s - loss: 5.5403 - mean_absolute_error: 1.9162 - val_loss: 3.2518 - val_mean_absolute_error: 1.4332
Epoch 4/8
 - 3s - loss: 3.5827 - mean_absolute_error: 1.4025 - val_loss: 1.8023 - val_mean_absolute_error: 0.9703
Epoch 5/8
 - 3s - loss: 3.1665 - mean_absolute_error: 1.2846 - val_loss: 1.5830 - val_mean_absolute_error: 0.8982
Epoch 6/8
 - 4s - loss: 3.1603 - mean_absolute_error: 1.2802 - val_loss: 1.5683 - val_mean_absolute_error: 0.8936
Epoch 7/8
 - 3s - loss: 3.1660 - mean_absolute_error: 1.2823 - val_loss: 1.5889 - val_mean_absolute_error: 0.8997
Epoch 8/8
 - 3s - loss: 3.1628 - mean_absolute_error: 1.2798 - val_loss: 1.5628 - val_mean_absolute_error: 0.8919
Test RMSE: 1.458
Test MAE: 1.020
Train on 356 samples, validate on 119 samples
Epoch 1/8
 - 26s - loss: 3.8495 - mean_absolute_error: 1.4761 - val_loss: 1.8503 - val_mean_absolute_error: 0.8523
Epoch 2/8
 - 4s - loss: 1.7315 - mean_absolute_error: 0.8794 - val_loss: 1.2179 - val_mean_absolute_error: 0.8112
Epoch 3/8
 - 3s - loss: 1.6729 - mean_absolute_error: 0.9079 - val_loss: 1.2277 - val_mean_absolute_error: 0.7320
Epoch 4/8
 - 4s - loss: 1.6455 - mean_absolute_error: 0.8915 - val_loss: 1.2188 - val_mean_absolute_error: 0.7364
Epoch 5/8
 - 3s - loss: 1.6400 - mean_absolute_error: 0.8825 - val_loss: 1.2260 - val_mean_absolute_error: 0.7222
Epoch 6/8
 - 3s - loss: 1.6411 - mean_absolute_error: 0.8582 - val_loss: 1.2188 - val_mean_absolute_error: 0.7236
Epoch 7/8
 - 3s - loss: 1.6382 - mean_absolute_error: 0.8942 - val_loss: 1.2169 - val_mean_absolute_error: 0.7194
Epoch 8/8
 - 3s - loss: 1.6242 - mean_absolute_error: 0.8638 - val_loss: 1.2040 - val_mean_absolute_error: 0.7268
Test RMSE: 1.117
Test MAE: 0.725
Train on 356 samples, validate on 119 samples
Epoch 1/8
 - 24s - loss: 29.5174 - mean_absolute_error: 4.5755 - val_loss: 25.1418 - val_mean_absolute_error: 4.0627
Epoch 2/8
 - 3s - loss: 19.7120 - mean_absolute_error: 3.3863 - val_loss: 16.6934 - val_mean_absolute_error: 2.8446
Epoch 3/8
 - 3s - loss: 13.2991 - mean_absolute_error: 2.3272 - val_loss: 11.6496 - val_mean_absolute_error: 1.8794
Epoch 4/8
 - 3s - loss: 9.8930 - mean_absolute_error: 1.8301 - val_loss: 9.2957 - val_mean_absolute_error: 1.7740
Epoch 5/8
 - 3s - loss: 8.7235 - mean_absolute_error: 1.9012 - val_loss: 8.7045 - val_mean_absolute_error: 1.9171
Epoch 6/8
 - 3s - loss: 8.5237 - mean_absolute_error: 1.9776 - val_loss: 8.6747 - val_mean_absolute_error: 1.9370
Epoch 7/8
 - 3s - loss: 8.5320 - mean_absolute_error: 2.0217 - val_loss: 8.6332 - val_mean_absolute_error: 1.9859
Epoch 8/8
 - 3s - loss: 8.4993 - mean_absolute_error: 1.9982 - val_loss: 8.6562 - val_mean_absolute_error: 1.9388
Test RMSE: 2.850
Test MAE: 1.884
Train on 356 samples, validate on 119 samples
Epoch 1/8
 - 26s - loss: 31.2660 - mean_absolute_error: 5.4695 - val_loss: 23.8200 - val_mean_absolute_error: 4.7791
Epoch 2/8
 - 3s - loss: 18.9461 - mean_absolute_error: 4.2015 - val_loss: 13.6259 - val_mean_absolute_error: 3.5564
Epoch 3/8
 - 3s - loss: 10.0512 - mean_absolute_error: 2.9461 - val_loss: 6.0401 - val_mean_absolute_error: 2.2513
Epoch 4/8
 - 4s - loss: 4.0502 - mean_absolute_error: 1.6613 - val_loss: 2.0743 - val_mean_absolute_error: 1.0986
Epoch 5/8
 - 4s - loss: 1.7774 - mean_absolute_error: 0.8842 - val_loss: 1.2575 - val_mean_absolute_error: 0.7793
Epoch 6/8
 - 3s - loss: 1.3104 - mean_absolute_error: 0.7617 - val_loss: 1.0339 - val_mean_absolute_error: 0.7619
Epoch 7/8
 - 4s - loss: 1.2014 - mean_absolute_error: 0.7770 - val_loss: 0.9908 - val_mean_absolute_error: 0.7812
Epoch 8/8
 - 3s - loss: 1.1790 - mean_absolute_error: 0.7853 - val_loss: 0.9858 - val_mean_absolute_error: 0.7867
Test RMSE: 1.015
Test MAE: 0.762
Train on 356 samples, validate on 119 samples
Epoch 1/8
 - 28s - loss: 34.6747 - mean_absolute_error: 5.7228 - val_loss: 29.1241 - val_mean_absolute_error: 5.2978
Epoch 2/8
 - 4s - loss: 23.4675 - mean_absolute_error: 4.6545 - val_loss: 19.5104 - val_mean_absolute_error: 4.2954
Epoch 3/8
 - 5s - loss: 14.6719 - mean_absolute_error: 3.5910 - val_loss: 10.9951 - val_mean_absolute_error: 3.1549
Epoch 4/8
 - 5s - loss: 7.8432 - mean_absolute_error: 2.4666 - val_loss: 5.1192 - val_mean_absolute_error: 2.0232
Epoch 5/8
 - 4s - loss: 3.5546 - mean_absolute_error: 1.3748 - val_loss: 1.9417 - val_mean_absolute_error: 0.9926
Epoch 6/8
 - 3s - loss: 2.0187 - mean_absolute_error: 0.9000 - val_loss: 1.2503 - val_mean_absolute_error: 0.7501
Epoch 7/8
 - 3s - loss: 1.8010 - mean_absolute_error: 0.9231 - val_loss: 1.1228 - val_mean_absolute_error: 0.7425
Epoch 8/8
 - 3s - loss: 1.7762 - mean_absolute_error: 0.9526 - val_loss: 1.0894 - val_mean_absolute_error: 0.7488
Test RMSE: 1.072
Test MAE: 0.777
Train on 356 samples, validate on 119 samples
Epoch 1/8
 - 28s - loss: 19.5931 - mean_absolute_error: 4.3231 - val_loss: 12.4579 - val_mean_absolute_error: 3.4434
Epoch 2/8
 - 3s - loss: 9.3935 - mean_absolute_error: 2.9185 - val_loss: 5.0996 - val_mean_absolute_error: 2.1206
Epoch 3/8
 - 3s - loss: 3.6147 - mean_absolute_error: 1.6868 - val_loss: 1.4342 - val_mean_absolute_error: 0.9703
Epoch 4/8
 - 3s - loss: 1.1015 - mean_absolute_error: 0.8012 - val_loss: 0.6120 - val_mean_absolute_error: 0.5997
Epoch 5/8
 - 3s - loss: 0.7919 - mean_absolute_error: 0.6885 - val_loss: 0.6214 - val_mean_absolute_error: 0.6084
Epoch 6/8
 - 3s - loss: 0.7811 - mean_absolute_error: 0.6825 - val_loss: 0.6076 - val_mean_absolute_error: 0.5963
Epoch 7/8
 - 3s - loss: 0.7812 - mean_absolute_error: 0.6803 - val_loss: 0.6033 - val_mean_absolute_error: 0.5924
Epoch 8/8
 - 3s - loss: 0.7764 - mean_absolute_error: 0.6728 - val_loss: 0.5988 - val_mean_absolute_error: 0.5876
Test RMSE: 0.784
Test MAE: 0.595
Train on 356 samples, validate on 119 samples
Epoch 1/8
 - 29s - loss: 14.3745 - mean_absolute_error: 3.6783 - val_loss: 9.5211 - val_mean_absolute_error: 2.9995
Epoch 2/8
 - 3s - loss: 6.1643 - mean_absolute_error: 2.3437 - val_loss: 3.7844 - val_mean_absolute_error: 1.8247
Epoch 3/8
 - 3s - loss: 2.3310 - mean_absolute_error: 1.3323 - val_loss: 1.2224 - val_mean_absolute_error: 0.9018
Epoch 4/8
 - 3s - loss: 0.8736 - mean_absolute_error: 0.6525 - val_loss: 0.5513 - val_mean_absolute_error: 0.5431
Epoch 5/8
 - 4s - loss: 0.7020 - mean_absolute_error: 0.5655 - val_loss: 0.5422 - val_mean_absolute_error: 0.5443
Epoch 6/8
 - 3s - loss: 0.7015 - mean_absolute_error: 0.5656 - val_loss: 0.5458 - val_mean_absolute_error: 0.5431
Epoch 7/8
 - 4s - loss: 0.7020 - mean_absolute_error: 0.5629 - val_loss: 0.5478 - val_mean_absolute_error: 0.5426
Epoch 8/8
 - 3s - loss: 0.7012 - mean_absolute_error: 0.5627 - val_loss: 0.5486 - val_mean_absolute_error: 0.5424
Test RMSE: 0.645
Test MAE: 0.470
Train on 356 samples, validate on 119 samples
Epoch 1/8
 - 31s - loss: 14.9136 - mean_absolute_error: 3.4655 - val_loss: 9.2097 - val_mean_absolute_error: 2.7719
Epoch 2/8
 - 4s - loss: 7.3492 - mean_absolute_error: 2.1907 - val_loss: 3.3284 - val_mean_absolute_error: 1.3564
Epoch 3/8
 - 3s - loss: 3.7918 - mean_absolute_error: 1.2526 - val_loss: 1.7021 - val_mean_absolute_error: 0.7844
Epoch 4/8
 - 3s - loss: 3.2946 - mean_absolute_error: 1.1561 - val_loss: 1.5268 - val_mean_absolute_error: 0.8547
Epoch 5/8
 - 3s - loss: 3.2520 - mean_absolute_error: 1.1460 - val_loss: 1.5476 - val_mean_absolute_error: 0.8300
Epoch 6/8
 - 3s - loss: 3.2417 - mean_absolute_error: 1.1476 - val_loss: 1.5323 - val_mean_absolute_error: 0.8425
Epoch 7/8
 - 3s - loss: 3.2536 - mean_absolute_error: 1.1393 - val_loss: 1.5513 - val_mean_absolute_error: 0.8247
Epoch 8/8
 - 3s - loss: 3.2422 - mean_absolute_error: 1.1423 - val_loss: 1.5326 - val_mean_absolute_error: 0.8387
Test RMSE: 1.474
Test MAE: 0.986
Train on 356 samples, validate on 119 samples
Epoch 1/8
 - 30s - loss: 22.4638 - mean_absolute_error: 4.4418 - val_loss: 17.6992 - val_mean_absolute_error: 3.9878
Epoch 2/8
 - 4s - loss: 13.8251 - mean_absolute_error: 3.4944 - val_loss: 9.8407 - val_mean_absolute_error: 2.9817
Epoch 3/8
 - 3s - loss: 7.2447 - mean_absolute_error: 2.4482 - val_loss: 5.1466 - val_mean_absolute_error: 2.0112
Epoch 4/8
 - 5s - loss: 4.0331 - mean_absolute_error: 1.5686 - val_loss: 3.3812 - val_mean_absolute_error: 1.2168
Epoch 5/8
 - 4s - loss: 3.2148 - mean_absolute_error: 1.1441 - val_loss: 3.2610 - val_mean_absolute_error: 1.0287
Epoch 6/8
 - 4s - loss: 3.1935 - mean_absolute_error: 1.1106 - val_loss: 3.2594 - val_mean_absolute_error: 1.0333
Epoch 7/8
 - 3s - loss: 3.1877 - mean_absolute_error: 1.1145 - val_loss: 3.2575 - val_mean_absolute_error: 1.0453
Epoch 8/8
 - 4s - loss: 3.1868 - mean_absolute_error: 1.1232 - val_loss: 3.2601 - val_mean_absolute_error: 1.0650
Test RMSE: 1.609
Test MAE: 0.951
Train on 356 samples, validate on 119 samples
Epoch 1/8
 - 38s - loss: 9.6731 - mean_absolute_error: 2.9311 - val_loss: 4.9333 - val_mean_absolute_error: 2.0992
Epoch 2/8
 - 3s - loss: 2.7702 - mean_absolute_error: 1.4217 - val_loss: 0.9720 - val_mean_absolute_error: 0.7906
Epoch 3/8
 - 3s - loss: 0.9513 - mean_absolute_error: 0.7941 - val_loss: 0.5222 - val_mean_absolute_error: 0.5899
Epoch 4/8
 - 3s - loss: 0.8847 - mean_absolute_error: 0.7425 - val_loss: 0.5226 - val_mean_absolute_error: 0.5893
Epoch 5/8
 - 3s - loss: 0.8780 - mean_absolute_error: 0.7475 - val_loss: 0.5299 - val_mean_absolute_error: 0.5887
Epoch 6/8
 - 3s - loss: 0.8824 - mean_absolute_error: 0.7523 - val_loss: 0.5264 - val_mean_absolute_error: 0.5883
Epoch 7/8
 - 3s - loss: 0.8766 - mean_absolute_error: 0.7451 - val_loss: 0.5252 - val_mean_absolute_error: 0.5883
Epoch 8/8
 - 3s - loss: 0.8830 - mean_absolute_error: 0.7496 - val_loss: 0.5277 - val_mean_absolute_error: 0.5882
Test RMSE: 0.772
Test MAE: 0.608
Train on 356 samples, validate on 119 samples
Epoch 1/8
 - 38s - loss: 13.5517 - mean_absolute_error: 3.4395 - val_loss: 10.0133 - val_mean_absolute_error: 2.8549
Epoch 2/8
 - 3s - loss: 6.1941 - mean_absolute_error: 2.2690 - val_loss: 4.9462 - val_mean_absolute_error: 1.7959
Epoch 3/8
 - 3s - loss: 2.8716 - mean_absolute_error: 1.2932 - val_loss: 3.1106 - val_mean_absolute_error: 1.0513
Epoch 4/8
 - 3s - loss: 2.1611 - mean_absolute_error: 0.9544 - val_loss: 3.0135 - val_mean_absolute_error: 1.0118
Epoch 5/8
 - 4s - loss: 2.1939 - mean_absolute_error: 0.9621 - val_loss: 3.0181 - val_mean_absolute_error: 1.0063
Epoch 6/8
 - 3s - loss: 2.1780 - mean_absolute_error: 0.9532 - val_loss: 3.0167 - val_mean_absolute_error: 1.0060
Epoch 7/8
 - 3s - loss: 2.1837 - mean_absolute_error: 0.9614 - val_loss: 3.0121 - val_mean_absolute_error: 1.0068
Epoch 8/8
 - 3s - loss: 2.1848 - mean_absolute_error: 0.9537 - val_loss: 3.0167 - val_mean_absolute_error: 1.0058
Test RMSE: 1.318
Test MAE: 0.803
Train on 356 samples, validate on 119 samples
Epoch 1/8
 - 36s - loss: 19.6446 - mean_absolute_error: 4.1957 - val_loss: 14.7615 - val_mean_absolute_error: 3.7253
Epoch 2/8
 - 4s - loss: 8.6271 - mean_absolute_error: 2.7312 - val_loss: 5.7222 - val_mean_absolute_error: 2.2151
Epoch 3/8
 - 3s - loss: 3.9758 - mean_absolute_error: 1.5774 - val_loss: 3.2977 - val_mean_absolute_error: 1.2781
Epoch 4/8
 - 3s - loss: 3.4063 - mean_absolute_error: 1.2026 - val_loss: 3.1609 - val_mean_absolute_error: 1.1496
Epoch 5/8
 - 3s - loss: 3.4038 - mean_absolute_error: 1.1934 - val_loss: 3.2406 - val_mean_absolute_error: 1.2309
Epoch 6/8
 - 3s - loss: 3.4122 - mean_absolute_error: 1.2252 - val_loss: 3.2197 - val_mean_absolute_error: 1.2122
Epoch 7/8
 - 3s - loss: 3.4364 - mean_absolute_error: 1.1783 - val_loss: 3.1602 - val_mean_absolute_error: 1.1493
Epoch 8/8
 - 5s - loss: 3.4169 - mean_absolute_error: 1.2172 - val_loss: 3.2569 - val_mean_absolute_error: 1.2453
Test RMSE: 1.816
Test MAE: 1.267
Train on 356 samples, validate on 119 samples
Epoch 1/8
 - 33s - loss: 12.5926 - mean_absolute_error: 3.4709 - val_loss: 6.0180 - val_mean_absolute_error: 2.4150
Epoch 2/8
 - 4s - loss: 2.9494 - mean_absolute_error: 1.5497 - val_loss: 0.3684 - val_mean_absolute_error: 0.4964
Epoch 3/8
 - 4s - loss: 0.3792 - mean_absolute_error: 0.4431 - val_loss: 0.2459 - val_mean_absolute_error: 0.3853
Epoch 4/8
 - 3s - loss: 0.3624 - mean_absolute_error: 0.4376 - val_loss: 0.1966 - val_mean_absolute_error: 0.3362
Epoch 5/8
 - 3s - loss: 0.3455 - mean_absolute_error: 0.4187 - val_loss: 0.1945 - val_mean_absolute_error: 0.3346
Epoch 6/8
 - 3s - loss: 0.3458 - mean_absolute_error: 0.4177 - val_loss: 0.1942 - val_mean_absolute_error: 0.3343
Epoch 7/8
 - 3s - loss: 0.3468 - mean_absolute_error: 0.4172 - val_loss: 0.1932 - val_mean_absolute_error: 0.3335
Epoch 8/8
 - 3s - loss: 0.3460 - mean_absolute_error: 0.4202 - val_loss: 0.1998 - val_mean_absolute_error: 0.3389
Test RMSE: 0.462
Test MAE: 0.364
Train on 356 samples, validate on 119 samples
Epoch 1/8
 - 35s - loss: 18.0427 - mean_absolute_error: 4.0857 - val_loss: 11.2981 - val_mean_absolute_error: 3.2436
Epoch 2/8
 - 3s - loss: 8.8623 - mean_absolute_error: 2.7507 - val_loss: 5.0148 - val_mean_absolute_error: 2.0583
Epoch 3/8
 - 3s - loss: 4.0276 - mean_absolute_error: 1.6844 - val_loss: 1.7921 - val_mean_absolute_error: 1.0356
Epoch 4/8
 - 3s - loss: 1.7220 - mean_absolute_error: 0.8539 - val_loss: 0.8243 - val_mean_absolute_error: 0.5998
Epoch 5/8
 - 3s - loss: 1.2547 - mean_absolute_error: 0.7368 - val_loss: 0.7735 - val_mean_absolute_error: 0.6596
Epoch 6/8
 - 3s - loss: 1.2233 - mean_absolute_error: 0.7610 - val_loss: 0.7821 - val_mean_absolute_error: 0.6830
Epoch 7/8
 - 3s - loss: 1.2205 - mean_absolute_error: 0.7624 - val_loss: 0.7761 - val_mean_absolute_error: 0.6707
Epoch 8/8
 - 4s - loss: 1.2193 - mean_absolute_error: 0.7555 - val_loss: 0.7717 - val_mean_absolute_error: 0.6633
Test RMSE: 0.837
Test MAE: 0.617
Train on 356 samples, validate on 119 samples
Epoch 1/8
 - 37s - loss: 18.9486 - mean_absolute_error: 4.1398 - val_loss: 13.5908 - val_mean_absolute_error: 3.5479
Epoch 2/8
 - 3s - loss: 9.7404 - mean_absolute_error: 2.8410 - val_loss: 5.2608 - val_mean_absolute_error: 2.0637
Epoch 3/8
 - 3s - loss: 3.6257 - mean_absolute_error: 1.5211 - val_loss: 1.6879 - val_mean_absolute_error: 1.0041
Epoch 4/8
 - 3s - loss: 1.9187 - mean_absolute_error: 1.0516 - val_loss: 1.0327 - val_mean_absolute_error: 0.8157
Epoch 5/8
 - 3s - loss: 1.7192 - mean_absolute_error: 1.0351 - val_loss: 1.0021 - val_mean_absolute_error: 0.8184
Epoch 6/8
 - 3s - loss: 1.7270 - mean_absolute_error: 1.0418 - val_loss: 1.0028 - val_mean_absolute_error: 0.8177
Epoch 7/8
 - 3s - loss: 1.7246 - mean_absolute_error: 1.0357 - val_loss: 1.0144 - val_mean_absolute_error: 0.8141
Epoch 8/8
 - 4s - loss: 1.7239 - mean_absolute_error: 1.0351 - val_loss: 1.0087 - val_mean_absolute_error: 0.8150
Test RMSE: 1.049
Test MAE: 0.871
Train on 356 samples, validate on 119 samples
Epoch 1/8
 - 36s - loss: 24.1127 - mean_absolute_error: 4.7144 - val_loss: 18.1795 - val_mean_absolute_error: 4.0771
Epoch 2/8
 - 3s - loss: 14.0108 - mean_absolute_error: 3.5199 - val_loss: 10.3668 - val_mean_absolute_error: 2.9988
Epoch 3/8
 - 3s - loss: 8.2529 - mean_absolute_error: 2.6302 - val_loss: 6.1284 - val_mean_absolute_error: 2.2280
Epoch 4/8
 - 3s - loss: 5.0721 - mean_absolute_error: 1.9823 - val_loss: 3.7278 - val_mean_absolute_error: 1.6845
Epoch 5/8
 - 4s - loss: 3.2322 - mean_absolute_error: 1.4744 - val_loss: 2.5372 - val_mean_absolute_error: 1.3151
Epoch 6/8
 - 3s - loss: 2.5252 - mean_absolute_error: 1.2214 - val_loss: 2.0347 - val_mean_absolute_error: 1.1044
Epoch 7/8
 - 4s - loss: 2.2035 - mean_absolute_error: 1.0917 - val_loss: 1.8445 - val_mean_absolute_error: 1.0126
Epoch 8/8
 - 3s - loss: 2.0979 - mean_absolute_error: 1.0452 - val_loss: 1.7686 - val_mean_absolute_error: 0.9782
Test RMSE: 1.276
Test MAE: 0.923
Train on 356 samples, validate on 119 samples
Epoch 1/8
 - 41s - loss: 1.1067 - mean_absolute_error: 0.7811 - val_loss: 0.8194 - val_mean_absolute_error: 0.6926
Epoch 2/8
 - 4s - loss: 0.6153 - mean_absolute_error: 0.6359 - val_loss: 0.7851 - val_mean_absolute_error: 0.7010
Epoch 3/8
 - 3s - loss: 0.6083 - mean_absolute_error: 0.6149 - val_loss: 0.7857 - val_mean_absolute_error: 0.6965
Epoch 4/8
 - 3s - loss: 0.6048 - mean_absolute_error: 0.6197 - val_loss: 0.7874 - val_mean_absolute_error: 0.6890
Epoch 5/8
 - 3s - loss: 0.5998 - mean_absolute_error: 0.6209 - val_loss: 0.7952 - val_mean_absolute_error: 0.6795
Epoch 6/8
 - 3s - loss: 0.5928 - mean_absolute_error: 0.6041 - val_loss: 0.7574 - val_mean_absolute_error: 0.6641
Epoch 7/8
 - 3s - loss: 0.5548 - mean_absolute_error: 0.5766 - val_loss: 0.6696 - val_mean_absolute_error: 0.6196
Epoch 8/8
 - 3s - loss: 0.4782 - mean_absolute_error: 0.5393 - val_loss: 0.6031 - val_mean_absolute_error: 0.5313
Test RMSE: 0.663
Test MAE: 0.445
Train on 356 samples, validate on 119 samples
Epoch 1/8
 - 33s - loss: 23.6462 - mean_absolute_error: 4.7475 - val_loss: 17.0589 - val_mean_absolute_error: 4.0285
Epoch 2/8
 - 3s - loss: 13.4892 - mean_absolute_error: 3.5274 - val_loss: 10.0604 - val_mean_absolute_error: 3.0384
Epoch 3/8
 - 3s - loss: 7.9397 - mean_absolute_error: 2.6213 - val_loss: 5.2634 - val_mean_absolute_error: 2.1064
Epoch 4/8
 - 3s - loss: 3.8084 - mean_absolute_error: 1.6636 - val_loss: 2.0630 - val_mean_absolute_error: 1.1201
Epoch 5/8
 - 3s - loss: 1.7070 - mean_absolute_error: 0.9360 - val_loss: 1.0875 - val_mean_absolute_error: 0.7151
Epoch 6/8
 - 3s - loss: 1.2226 - mean_absolute_error: 0.7437 - val_loss: 0.9182 - val_mean_absolute_error: 0.6687
Epoch 7/8
 - 3s - loss: 1.1390 - mean_absolute_error: 0.7340 - val_loss: 0.8652 - val_mean_absolute_error: 0.6655
Epoch 8/8
 - 3s - loss: 1.1028 - mean_absolute_error: 0.7285 - val_loss: 0.8516 - val_mean_absolute_error: 0.6662
Test RMSE: 0.889
Test MAE: 0.671
Train on 356 samples, validate on 119 samples
Epoch 1/8
 - 35s - loss: 46.3081 - mean_absolute_error: 6.6909 - val_loss: 35.7954 - val_mean_absolute_error: 5.8776
Epoch 2/8
 - 3s - loss: 26.4666 - mean_absolute_error: 5.0011 - val_loss: 18.6490 - val_mean_absolute_error: 4.1738
Epoch 3/8
 - 4s - loss: 12.7702 - mean_absolute_error: 3.3858 - val_loss: 8.0336 - val_mean_absolute_error: 2.6107
Epoch 4/8
 - 3s - loss: 5.0082 - mean_absolute_error: 1.9203 - val_loss: 3.1756 - val_mean_absolute_error: 1.4165
Epoch 5/8
 - 3s - loss: 2.3794 - mean_absolute_error: 1.1445 - val_loss: 1.9467 - val_mean_absolute_error: 0.9675
Epoch 6/8
 - 4s - loss: 1.7312 - mean_absolute_error: 0.9299 - val_loss: 1.5767 - val_mean_absolute_error: 0.8583
Epoch 7/8
 - 3s - loss: 1.4978 - mean_absolute_error: 0.8674 - val_loss: 1.3892 - val_mean_absolute_error: 0.8304
Epoch 8/8
 - 3s - loss: 1.3961 - mean_absolute_error: 0.8565 - val_loss: 1.3120 - val_mean_absolute_error: 0.8322
Test RMSE: 0.968
Test MAE: 0.736
Train on 356 samples, validate on 119 samples
Epoch 1/8
 - 39s - loss: 30.4429 - mean_absolute_error: 5.4248 - val_loss: 23.8611 - val_mean_absolute_error: 4.7928
Epoch 2/8
 - 3s - loss: 18.5989 - mean_absolute_error: 4.1982 - val_loss: 13.1348 - val_mean_absolute_error: 3.4986
Epoch 3/8
 - 3s - loss: 8.9933 - mean_absolute_error: 2.8234 - val_loss: 4.9445 - val_mean_absolute_error: 2.0132
Epoch 4/8
 - 3s - loss: 3.0908 - mean_absolute_error: 1.4757 - val_loss: 1.8517 - val_mean_absolute_error: 1.0332
Epoch 5/8
 - 3s - loss: 1.5605 - mean_absolute_error: 0.9579 - val_loss: 1.3159 - val_mean_absolute_error: 0.8483
Epoch 6/8
 - 3s - loss: 1.2306 - mean_absolute_error: 0.8495 - val_loss: 1.1025 - val_mean_absolute_error: 0.8005
Epoch 7/8
 - 3s - loss: 1.0735 - mean_absolute_error: 0.8102 - val_loss: 0.9936 - val_mean_absolute_error: 0.7860
Epoch 8/8
 - 3s - loss: 0.9986 - mean_absolute_error: 0.8037 - val_loss: 0.9405 - val_mean_absolute_error: 0.7808
Test RMSE: 1.028
Test MAE: 0.830
Train on 356 samples, validate on 119 samples
Epoch 1/8
 - 46s - loss: 33.5570 - mean_absolute_error: 5.6907 - val_loss: 25.5945 - val_mean_absolute_error: 4.9718
Epoch 2/8
 - 4s - loss: 20.4886 - mean_absolute_error: 4.4108 - val_loss: 16.5888 - val_mean_absolute_error: 3.9639
Epoch 3/8
 - 4s - loss: 12.7466 - mean_absolute_error: 3.4336 - val_loss: 9.5768 - val_mean_absolute_error: 2.9490
Epoch 4/8
 - 3s - loss: 6.6749 - mean_absolute_error: 2.3694 - val_loss: 4.1415 - val_mean_absolute_error: 1.8055
Epoch 5/8
 - 3s - loss: 2.7949 - mean_absolute_error: 1.3552 - val_loss: 1.8315 - val_mean_absolute_error: 1.0299
Epoch 6/8
 - 3s - loss: 1.4547 - mean_absolute_error: 0.8686 - val_loss: 1.0706 - val_mean_absolute_error: 0.7707
Epoch 7/8
 - 3s - loss: 1.0967 - mean_absolute_error: 0.7553 - val_loss: 0.9158 - val_mean_absolute_error: 0.7400
Epoch 8/8
 - 3s - loss: 1.0557 - mean_absolute_error: 0.7634 - val_loss: 0.8895 - val_mean_absolute_error: 0.7450
Test RMSE: 0.837
Test MAE: 0.648
Train on 356 samples, validate on 119 samples
Epoch 1/8
 - 37s - loss: 29.9434 - mean_absolute_error: 5.4070 - val_loss: 24.1002 - val_mean_absolute_error: 4.8664
Epoch 2/8
 - 3s - loss: 19.1983 - mean_absolute_error: 4.3021 - val_loss: 14.0644 - val_mean_absolute_error: 3.6944
Epoch 3/8
 - 3s - loss: 10.5525 - mean_absolute_error: 3.1412 - val_loss: 6.7335 - val_mean_absolute_error: 2.5135
Epoch 4/8
 - 3s - loss: 4.3087 - mean_absolute_error: 1.9034 - val_loss: 2.0290 - val_mean_absolute_error: 1.2773
Epoch 5/8
 - 3s - loss: 1.2021 - mean_absolute_error: 0.8471 - val_loss: 0.5773 - val_mean_absolute_error: 0.5241
Epoch 6/8
 - 3s - loss: 0.6356 - mean_absolute_error: 0.5565 - val_loss: 0.4370 - val_mean_absolute_error: 0.4666
Epoch 7/8
 - 3s - loss: 0.5798 - mean_absolute_error: 0.5433 - val_loss: 0.4159 - val_mean_absolute_error: 0.4740
Epoch 8/8
 - 3s - loss: 0.5728 - mean_absolute_error: 0.5440 - val_loss: 0.4139 - val_mean_absolute_error: 0.4770
Test RMSE: 0.541
Test MAE: 0.429
Train on 356 samples, validate on 119 samples
Epoch 1/8
 - 44s - loss: 32.8937 - mean_absolute_error: 5.6222 - val_loss: 27.1546 - val_mean_absolute_error: 5.1489
Epoch 2/8
 - 3s - loss: 21.9850 - mean_absolute_error: 4.5642 - val_loss: 17.4282 - val_mean_absolute_error: 4.0966
Epoch 3/8
 - 4s - loss: 13.3226 - mean_absolute_error: 3.4833 - val_loss: 9.1639 - val_mean_absolute_error: 2.9187
Epoch 4/8
 - 3s - loss: 6.2590 - mean_absolute_error: 2.2490 - val_loss: 3.5976 - val_mean_absolute_error: 1.7197
Epoch 5/8
 - 3s - loss: 2.8181 - mean_absolute_error: 1.3361 - val_loss: 1.6835 - val_mean_absolute_error: 1.0561
Epoch 6/8
 - 3s - loss: 1.7234 - mean_absolute_error: 0.9523 - val_loss: 1.0880 - val_mean_absolute_error: 0.7894
Epoch 7/8
 - 4s - loss: 1.3907 - mean_absolute_error: 0.8332 - val_loss: 0.8342 - val_mean_absolute_error: 0.6828
Epoch 8/8
 - 4s - loss: 1.2523 - mean_absolute_error: 0.7977 - val_loss: 0.7301 - val_mean_absolute_error: 0.6405
Test RMSE: 0.970
Test MAE: 0.706
Train on 356 samples, validate on 119 samples
Epoch 1/8
 - 40s - loss: 21.9614 - mean_absolute_error: 4.5206 - val_loss: 18.3824 - val_mean_absolute_error: 4.1592
Epoch 2/8
 - 3s - loss: 13.6431 - mean_absolute_error: 3.4808 - val_loss: 9.3274 - val_mean_absolute_error: 2.8874
Epoch 3/8
 - 3s - loss: 6.6110 - mean_absolute_error: 2.2647 - val_loss: 4.1312 - val_mean_absolute_error: 1.8007
Epoch 4/8
 - 3s - loss: 2.9012 - mean_absolute_error: 1.3082 - val_loss: 1.7234 - val_mean_absolute_error: 0.9374
Epoch 5/8
 - 3s - loss: 1.7233 - mean_absolute_error: 0.9103 - val_loss: 1.2541 - val_mean_absolute_error: 0.7517
Epoch 6/8
 - 3s - loss: 1.5310 - mean_absolute_error: 0.8611 - val_loss: 1.1253 - val_mean_absolute_error: 0.7242
Epoch 7/8
 - 3s - loss: 1.4867 - mean_absolute_error: 0.8495 - val_loss: 1.0941 - val_mean_absolute_error: 0.7245
Epoch 8/8
 - 3s - loss: 1.4801 - mean_absolute_error: 0.8504 - val_loss: 1.0873 - val_mean_absolute_error: 0.7255
Test RMSE: 0.881
Test MAE: 0.647
Train on 356 samples, validate on 119 samples
Epoch 1/8
 - 42s - loss: 26.8282 - mean_absolute_error: 5.1016 - val_loss: 21.3380 - val_mean_absolute_error: 4.5483
Epoch 2/8
 - 3s - loss: 14.5297 - mean_absolute_error: 3.7028 - val_loss: 10.3107 - val_mean_absolute_error: 3.1074
Epoch 3/8
 - 3s - loss: 6.3025 - mean_absolute_error: 2.3438 - val_loss: 3.9525 - val_mean_absolute_error: 1.8167
Epoch 4/8
 - 3s - loss: 2.0962 - mean_absolute_error: 1.1901 - val_loss: 1.3279 - val_mean_absolute_error: 0.8740
Epoch 5/8
 - 3s - loss: 0.8742 - mean_absolute_error: 0.6910 - val_loss: 0.7552 - val_mean_absolute_error: 0.6285
Epoch 6/8
 - 3s - loss: 0.7444 - mean_absolute_error: 0.6462 - val_loss: 0.6918 - val_mean_absolute_error: 0.6294
Epoch 7/8
 - 3s - loss: 0.7359 - mean_absolute_error: 0.6461 - val_loss: 0.6977 - val_mean_absolute_error: 0.6273
Epoch 8/8
 - 3s - loss: 0.7346 - mean_absolute_error: 0.6459 - val_loss: 0.6862 - val_mean_absolute_error: 0.6297
